<?xml version="1.0" encoding="UTF-8"?>
<testng-results skipped="0" failed="0" total="1" passed="1">
  <reporter-output>
  </reporter-output>
  <suite name="Default suite" duration-ms="28956" started-at="2018-06-22T17:17:32Z" finished-at="2018-06-22T17:18:01Z">
    <groups>
    </groups>
    <test name="Default test" duration-ms="28956" started-at="2018-06-22T17:17:32Z" finished-at="2018-06-22T17:18:01Z">
      <class name="com.test.automation.UIAutomation.homePage.TC001_VerifyLoginWithInvalidCredentials">
        <test-method status="PASS" signature="setUp()[pri:0, instance:com.test.automation.UIAutomation.homePage.TC001_VerifyLoginWithInvalidCredentials@4b9e13df]" name="setUp" is-config="true" duration-ms="2873" started-at="2018-06-22T22:47:32Z" finished-at="2018-06-22T22:47:35Z">
          <reporter-output>
          </reporter-output>
        </test-method> <!-- setUp -->
        <test-method status="PASS" signature="VerifyLoginWithInvalidCredentials()[pri:0, instance:com.test.automation.UIAutomation.homePage.TC001_VerifyLoginWithInvalidCredentials@4b9e13df]" name="VerifyLoginWithInvalidCredentials" duration-ms="24911" started-at="2018-06-22T22:47:35Z" finished-at="2018-06-22T22:48:00Z">
          <reporter-output>
          </reporter-output>
        </test-method> <!-- VerifyLoginWithInvalidCredentials -->
        <test-method status="PASS" signature="endTest()[pri:0, instance:com.test.automation.UIAutomation.homePage.TC001_VerifyLoginWithInvalidCredentials@4b9e13df]" name="endTest" is-config="true" duration-ms="1163" started-at="2018-06-22T22:48:00Z" finished-at="2018-06-22T22:48:01Z">
          <reporter-output>
          </reporter-output>
        </test-method> <!-- endTest -->
      </class> <!-- com.test.automation.UIAutomation.homePage.TC001_VerifyLoginWithInvalidCredentials -->
    </test> <!-- Default test -->
  </suite> <!-- Default suite -->
</testng-results>
